\BOOKMARK [1][-]{section.1}{\376\377\000E\000i\000n\000l\000e\000i\000t\000u\000n\000g}{}% 1
\BOOKMARK [2][-]{subsection.1.1}{\376\377\000M\000o\000t\000i\000v\000a\000t\000i\000o\000n}{section.1}% 2
\BOOKMARK [2][-]{subsection.1.2}{\376\377\000T\000h\000e\000o\000r\000e\000t\000i\000s\000c\000h\000e\000\040\000G\000r\000u\000n\000d\000l\000a\000g\000e\000n}{section.1}% 3
\BOOKMARK [3][-]{subsubsection.1.2.1}{\376\377\000D\000r\000e\000i\000\040\000A\000d\000d\000r\000e\000s\000s\000\040\000C\000o\000d\000e}{subsection.1.2}% 4
\BOOKMARK [3][-]{subsubsection.1.2.2}{\376\377\000G\000r\000u\000n\000d\000b\000l\000\366\000c\000k\000e}{subsection.1.2}% 5
\BOOKMARK [3][-]{subsubsection.1.2.3}{\376\377\000K\000o\000n\000t\000r\000o\000l\000l\000f\000l\000u\000s\000s\000g\000r\000a\000p\000h\000e\000n}{subsection.1.2}% 6
\BOOKMARK [3][-]{subsubsection.1.2.4}{\376\377\000E\000r\000r\000e\000i\000c\000h\000e\000n\000d\000e\000\040\000D\000e\000f\000i\000n\000i\000t\000i\000o\000n\000e\000n}{subsection.1.2}% 7
\BOOKMARK [3][-]{subsubsection.1.2.5}{\376\377\000L\000e\000b\000e\000n\000d\000i\000g\000e\000\040\000V\000a\000r\000i\000a\000b\000l\000e\000n}{subsection.1.2}% 8
\BOOKMARK [1][-]{section.2}{\376\377\000F\000r\000a\000m\000e\000w\000o\000r\000k}{}% 9
\BOOKMARK [2][-]{subsection.2.1}{\376\377\000G\000u\000i}{section.2}% 10
\BOOKMARK [2][-]{subsection.2.2}{\376\377\000G\000r\000a\000p\000h\000e\000n}{section.2}% 11
\BOOKMARK [2][-]{subsection.2.3}{\376\377\000T\000a\000b\000e\000l\000l\000e\000n}{section.2}% 12
\BOOKMARK [2][-]{subsection.2.4}{\376\377\000D\000r\000e\000i\000\040\000A\000d\000d\000r\000e\000s\000s\000\040\000C\000o\000d\000e}{section.2}% 13
\BOOKMARK [2][-]{subsection.2.5}{\376\377\000I\000m\000p\000l\000e\000m\000e\000n\000t\000i\000e\000r\000u\000n\000g\000\040\000v\000o\000n\000\040\000A\000l\000g\000o\000r\000i\000t\000h\000m\000e\000n}{section.2}% 14
\BOOKMARK [1][-]{section.3}{\376\377\000I\000m\000p\000l\000e\000m\000e\000n\000t\000i\000e\000r\000t\000e\000\040\000A\000l\000g\000o\000r\000i\000t\000h\000m\000e\000n}{}% 15
\BOOKMARK [2][-]{subsection.3.1}{\376\377\000E\000r\000s\000t\000e\000l\000l\000u\000n\000g\000\040\000v\000o\000n\000\040\000G\000r\000u\000n\000d\000b\000l\000\366\000c\000k\000e\000n\000\040\000a\000u\000s\000\040\0003\000-\000A\000d\000d\000r\000e\000s\000s\000-\000C\000o\000d\000e}{section.3}% 16
\BOOKMARK [2][-]{subsection.3.2}{\376\377\000E\000r\000s\000t\000e\000l\000l\000u\000n\000g\000\040\000e\000i\000n\000e\000s\000\040\000K\000o\000n\000t\000r\000o\000l\000l\000f\000l\000u\000s\000s\000g\000r\000a\000p\000h\000e\000n\000\040\000a\000u\000s\000\040\0003\000-\000A\000d\000d\000r\000e\000s\000s\000-\000C\000o\000d\000e}{section.3}% 17
\BOOKMARK [2][-]{subsection.3.3}{\376\377\000A\000n\000a\000l\000y\000s\000e\000\040\000v\000o\000n\000\040\000e\000r\000r\000e\000i\000c\000h\000e\000n\000d\000e\000n\000\040\000D\000e\000f\000i\000n\000i\000t\000i\000o\000n\000e\000n}{section.3}% 18
\BOOKMARK [2][-]{subsection.3.4}{\376\377\000A\000n\000a\000l\000y\000s\000e\000\040\000v\000o\000n\000\040\000l\000e\000b\000e\000n\000d\000i\000g\000e\000n\000\040\000V\000a\000r\000i\000a\000b\000l\000e\000n\000\040\000b\000e\000z\000\374\000g\000l\000i\000c\000h\000\040\000G\000r\000u\000n\000d\000b\000l\000\366\000c\000k\000e\000n}{section.3}% 19
\BOOKMARK [2][-]{subsection.3.5}{\376\377\000A\000n\000a\000l\000y\000s\000e\000\040\000v\000o\000n\000\040\000l\000e\000b\000e\000n\000d\000i\000g\000e\000n\000\040\000V\000a\000r\000i\000a\000b\000l\000e\000n\000\040\000b\000e\000z\000\374\000g\000l\000i\000c\000h\000\040\000e\000i\000n\000z\000e\000l\000n\000e\000n\000\040\000I\000n\000s\000t\000r\000u\000k\000t\000i\000o\000n\000e\000n}{section.3}% 20
\BOOKMARK [1][-]{section.4}{\376\377\000R\000e\000l\000a\000t\000e\000d\000\040\000W\000o\000r\000k}{}% 21
\BOOKMARK [1][-]{section.5}{\376\377\000E\000v\000a\000l\000u\000a\000t\000i\000o\000n}{}% 22
\BOOKMARK [1][-]{section.6}{\376\377\000F\000u\000t\000u\000r\000e\000\040\000W\000o\000r\000k}{}% 23
\BOOKMARK [1][-]{section.7}{\376\377\000F\000a\000z\000i\000t}{}% 24
\BOOKMARK [1][-]{section*.2}{\376\377\000A\000b\000b\000i\000l\000d\000u\000n\000g\000s\000v\000e\000r\000z\000e\000i\000c\000h\000n\000i\000s}{}% 25
\BOOKMARK [1][-]{section*.3}{\376\377\000T\000a\000b\000e\000l\000l\000e\000n\000v\000e\000r\000z\000e\000i\000c\000h\000n\000i\000s}{}% 26
\BOOKMARK [1][-]{section*.4}{\376\377\000L\000i\000t\000e\000r\000a\000t\000u\000r}{}% 27
